for file in amr_parameters.o amr_commons.o random.o pm_parameters.o pm_commons.o poisson_parameters.o  poisson_commons.o hydro_parameters.o hydro_commons.o cooling_module.o bisection.o sparse_mat.o clfind_commons.o gadgetreadfile.o  radiation_parameters.o rt_parameters.o rt_hydro_commons.o coolrates_module.o rt_spectra.o  rt_metal_cooling_module.o rt_cooling_module.o rt_flux_module.o table_1d_module.o singlestar_module.o feedback_module.o cloud_module.o; do unset MAKELEVEL ; make $file; done
make: 'amr_parameters.o' is up to date.
make: 'amr_commons.o' is up to date.
make: 'random.o' is up to date.
make: 'pm_parameters.o' is up to date.
make: 'pm_commons.o' is up to date.
make: 'poisson_parameters.o' is up to date.
make: 'poisson_commons.o' is up to date.
make: 'hydro_parameters.o' is up to date.
make: 'hydro_commons.o' is up to date.
make: 'cooling_module.o' is up to date.
make: 'bisection.o' is up to date.
make: 'sparse_mat.o' is up to date.
make: 'clfind_commons.o' is up to date.
make: 'gadgetreadfile.o' is up to date.
make: 'radiation_parameters.o' is up to date.
make: 'rt_parameters.o' is up to date.
make: 'rt_hydro_commons.o' is up to date.
make: 'coolrates_module.o' is up to date.
make: 'rt_spectra.o' is up to date.
make: 'rt_metal_cooling_module.o' is up to date.
make: 'rt_cooling_module.o' is up to date.
make: 'rt_flux_module.o' is up to date.
make: 'table_1d_module.o' is up to date.
make: 'singlestar_module.o' is up to date.
make: 'feedback_module.o' is up to date.
make: 'cloud_module.o' is up to date.
make ramses
make[1]: Entering directory '/mnt/c/Users/samge/OneDrive/Programming/Astro/mcrtscripts/Cooling/f2py'
f2py -m ramses ramses.f90 -h ramses.pyf --overwrite-signature
Reading fortran codes...
	Reading file 'ramses.f90' (format:free)
Post-processing...
	Block: ramses
			Block: data
In: :ramses:ramses.f90:data
get_useparameters: no module pm_commons info used by data
In: :ramses:ramses.f90:data
get_useparameters: no module rt_cooling_module info used by data
In: :ramses:ramses.f90:data
get_useparameters: no module rt_parameters info used by data
In: :ramses:ramses.f90:data
get_useparameters: no module hydro_commons info used by data
In: :ramses:ramses.f90:data
get_useparameters: no module amr_commons info used by data
				Block: startup
In: :ramses:ramses.f90:data:startup
get_useparameters: no module pm_commons info used by startup
In: :ramses:ramses.f90:data:startup
get_useparameters: no module rt_cooling_module info used by startup
In: :ramses:ramses.f90:data:startup
get_useparameters: no module rt_parameters info used by startup
In: :ramses:ramses.f90:data:startup
get_useparameters: no module hydro_commons info used by startup
In: :ramses:ramses.f90:data:startup
get_useparameters: no module amr_commons info used by startup
				Block: init_sim
In: :ramses:ramses.f90:data:init_sim
get_useparameters: no module cooling_module info used by init_sim
In: :ramses:ramses.f90:data:init_sim
get_useparameters: no module rt_cooling_module info used by init_sim
In: :ramses:ramses.f90:data:init_sim
get_useparameters: no module hydro_commons info used by init_sim
In: :ramses:ramses.f90:data:init_sim
get_useparameters: no module rt_parameters info used by init_sim
In: :ramses:ramses.f90:data:init_sim
get_useparameters: no module poisson_commons info used by init_sim
In: :ramses:ramses.f90:data:init_sim
get_useparameters: no module pm_commons info used by init_sim
In: :ramses:ramses.f90:data:init_sim
get_useparameters: no module amr_commons info used by init_sim
				Block: rt_cooling
In: :ramses:ramses.f90:data:rt_cooling
get_useparameters: no module pm_commons info used by rt_cooling
In: :ramses:ramses.f90:data:rt_cooling
get_useparameters: no module rt_cooling_module info used by rt_cooling
In: :ramses:ramses.f90:data:rt_cooling
get_useparameters: no module rt_parameters info used by rt_cooling
In: :ramses:ramses.f90:data:rt_cooling
get_useparameters: no module hydro_commons info used by rt_cooling
In: :ramses:ramses.f90:data:rt_cooling
get_useparameters: no module amr_commons info used by rt_cooling
In: :ramses:ramses.f90:data:rt_cooling
	getarrlen:variable "nvector" undefined
In: :ramses:ramses.f90:data:rt_cooling
	getarrlen:variable "nions" undefined
In: :ramses:ramses.f90:data:rt_cooling
	getarrlen:variable "nvector" undefined
In: :ramses:ramses.f90:data:rt_cooling
	getarrlen:variable "ngroups" undefined
In: :ramses:ramses.f90:data:rt_cooling
	getarrlen:variable "nvector" undefined
In: :ramses:ramses.f90:data:rt_cooling
	getarrlen:variable "ndim" undefined
In: :ramses:ramses.f90:data:rt_cooling
	getarrlen:variable "ngroups" undefined
In: :ramses:ramses.f90:data:rt_cooling
	getarrlen:variable "nvector" undefined
In: :ramses:ramses.f90:data:rt_cooling
	getarrlen:variable "ndim" undefined
In: :ramses:ramses.f90:data:rt_cooling
	getarrlen:variable "nvector" undefined
In: :ramses:ramses.f90:data:rt_cooling
	getarrlen:variable "ngroups" undefined
In: :ramses:ramses.f90:data:rt_cooling
	getarrlen:variable "nvector" undefined
In: :ramses:ramses.f90:data:rt_cooling
	getarrlen:variable "ndim" undefined
In: :ramses:ramses.f90:data:rt_cooling
	getarrlen:variable "ngroups" undefined
In: :ramses:ramses.f90:data:rt_cooling
	getarrlen:variable "nvector" undefined
In: :ramses:ramses.f90:data:rt_cooling
	getarrlen:variable "nvector" undefined
In: :ramses:ramses.f90:data:rt_cooling
	getarrlen:variable "nvector" undefined
In: :ramses:ramses.f90:data:rt_cooling
	getarrlen:variable "nvector" undefined
Post-processing (stage 2)...
	Block: ramses
		Block: unknown_interface
			Block: data
				Block: startup
				Block: init_sim
				Block: rt_cooling
Saving signatures to file "./ramses.pyf"
f2py -lgfortran -c *.o ramses.pyf
running build
running config_cc
unifing config_cc, config, build_clib, build_ext, build commands --compiler options
running config_fc
unifing config_fc, config, build_clib, build_ext, build commands --fcompiler options
running build_src
build_src
building extension "ramses" sources
creating /tmp/tmpWWkYKS/src.linux-x86_64-2.7
f2py options: []
f2py: ramses.pyf
Reading fortran codes...
	Reading file 'ramses.pyf' (format:free)
Post-processing...
	Block: ramses
			Block: data
In: ramses.pyf:ramses:unknown_interface:data
get_useparameters: no module pm_commons info used by data
In: ramses.pyf:ramses:unknown_interface:data
get_useparameters: no module rt_cooling_module info used by data
In: ramses.pyf:ramses:unknown_interface:data
get_useparameters: no module amr_commons info used by data
In: ramses.pyf:ramses:unknown_interface:data
get_useparameters: no module rt_parameters info used by data
In: ramses.pyf:ramses:unknown_interface:data
get_useparameters: no module hydro_commons info used by data
				Block: startup
In: ramses.pyf:ramses:unknown_interface:data:startup
get_useparameters: no module pm_commons info used by startup
In: ramses.pyf:ramses:unknown_interface:data:startup
get_useparameters: no module rt_cooling_module info used by startup
In: ramses.pyf:ramses:unknown_interface:data:startup
get_useparameters: no module amr_commons info used by startup
In: ramses.pyf:ramses:unknown_interface:data:startup
get_useparameters: no module rt_parameters info used by startup
In: ramses.pyf:ramses:unknown_interface:data:startup
get_useparameters: no module hydro_commons info used by startup
				Block: init_sim
In: ramses.pyf:ramses:unknown_interface:data:init_sim
get_useparameters: no module cooling_module info used by init_sim
In: ramses.pyf:ramses:unknown_interface:data:init_sim
get_useparameters: no module rt_cooling_module info used by init_sim
In: ramses.pyf:ramses:unknown_interface:data:init_sim
get_useparameters: no module rt_parameters info used by init_sim
In: ramses.pyf:ramses:unknown_interface:data:init_sim
get_useparameters: no module amr_commons info used by init_sim
In: ramses.pyf:ramses:unknown_interface:data:init_sim
get_useparameters: no module poisson_commons info used by init_sim
In: ramses.pyf:ramses:unknown_interface:data:init_sim
get_useparameters: no module pm_commons info used by init_sim
In: ramses.pyf:ramses:unknown_interface:data:init_sim
get_useparameters: no module hydro_commons info used by init_sim
				Block: rt_cooling
In: ramses.pyf:ramses:unknown_interface:data:rt_cooling
get_useparameters: no module pm_commons info used by rt_cooling
In: ramses.pyf:ramses:unknown_interface:data:rt_cooling
get_useparameters: no module rt_cooling_module info used by rt_cooling
In: ramses.pyf:ramses:unknown_interface:data:rt_cooling
get_useparameters: no module amr_commons info used by rt_cooling
In: ramses.pyf:ramses:unknown_interface:data:rt_cooling
get_useparameters: no module rt_parameters info used by rt_cooling
In: ramses.pyf:ramses:unknown_interface:data:rt_cooling
get_useparameters: no module hydro_commons info used by rt_cooling
Post-processing (stage 2)...
	Block: ramses
		Block: unknown_interface
			Block: data
				Block: startup
				Block: init_sim
				Block: rt_cooling
Building modules...
	Building module "ramses"...
		Constructing F90 module support for "data"...
		  Variables: iy ix nions ngrid dx size_bn ind_hydro xg vp uold ncache boxlen dy xp nlevelmax mp ndim units_density units_length ind_leaf hydros ivar iskip ind_cell nleaf i j tp units_time ngrid_current t
getarrdims:warning: assumed shape array, using 0 instead of ':'
getarrdims:warning: assumed shape array, using 0 instead of ':'
getarrdims:warning: assumed shape array, using 0 instead of ':'
getarrdims:warning: assumed shape array, using 0 instead of ':'
getarrdims:warning: assumed shape array, using 0 instead of ':'
getarrdims:warning: assumed shape array, using 0 instead of ':'
getarrdims:warning: assumed shape array, using 0 instead of ':'
getarrdims:warning: assumed shape array, using 0 instead of ':'
getarrdims:warning: assumed shape array, using 0 instead of ':'
getarrdims:warning: assumed shape array, using 0 instead of ':'
getarrdims:warning: assumed shape array, using 0 instead of ':'
getarrdims:warning: assumed shape array, using 0 instead of ':'
getarrdims:warning: assumed shape array, using 0 instead of ':'
getarrdims:warning: assumed shape array, using 0 instead of ':'
getarrdims:warning: assumed shape array, using 0 instead of ':'
getarrdims:warning: assumed shape array, using 0 instead of ':'
getarrdims:warning: assumed shape array, using 0 instead of ':'
			Constructing wrapper function "data.startup"...
			  startup()
			Constructing wrapper function "data.init_sim"...
			  init_sim()
			Constructing wrapper function "data.rt_cooling"...
			  rt_cooling(t2,xion,np,fp,p_gas,dnpdt,dfpdt,nh,c_switch,zsolar,dt,a_exp,ncell)
	Wrote C/API module "ramses" to file "/tmp/tmpWWkYKS/src.linux-x86_64-2.7/ramsesmodule.c"
	Fortran 90 wrappers are saved to "/tmp/tmpWWkYKS/src.linux-x86_64-2.7/ramses-f2pywrappers2.f90"
  adding '/tmp/tmpWWkYKS/src.linux-x86_64-2.7/fortranobject.c' to sources.
  adding '/tmp/tmpWWkYKS/src.linux-x86_64-2.7' to include_dirs.
copying /usr/local/lib/python2.7/dist-packages/numpy/f2py/src/fortranobject.c -> /tmp/tmpWWkYKS/src.linux-x86_64-2.7
copying /usr/local/lib/python2.7/dist-packages/numpy/f2py/src/fortranobject.h -> /tmp/tmpWWkYKS/src.linux-x86_64-2.7
  adding '/tmp/tmpWWkYKS/src.linux-x86_64-2.7/ramses-f2pywrappers2.f90' to sources.
build_src: building npy-pkg config files
running build_ext
customize UnixCCompiler
customize UnixCCompiler using build_ext
customize Gnu95FCompiler
Found executable /usr/bin/gfortran
customize Gnu95FCompiler
customize Gnu95FCompiler using build_ext
building 'ramses' extension
compiling C sources
C compiler: x86_64-linux-gnu-gcc -pthread -DNDEBUG -g -fwrapv -O2 -Wall -Wstrict-prototypes -fno-strict-aliasing -Wdate-time -D_FORTIFY_SOURCE=2 -g -fstack-protector-strong -Wformat -Werror=format-security -fPIC

creating /tmp/tmpWWkYKS/tmp
creating /tmp/tmpWWkYKS/tmp/tmpWWkYKS
creating /tmp/tmpWWkYKS/tmp/tmpWWkYKS/src.linux-x86_64-2.7
compile options: '-I/tmp/tmpWWkYKS/src.linux-x86_64-2.7 -I/usr/local/lib/python2.7/dist-packages/numpy/core/include -I/usr/include/python2.7 -c'
x86_64-linux-gnu-gcc: /tmp/tmpWWkYKS/src.linux-x86_64-2.7/ramsesmodule.c
In file included from /usr/local/lib/python2.7/dist-packages/numpy/core/include/numpy/ndarraytypes.h:1809:0,
                 from /usr/local/lib/python2.7/dist-packages/numpy/core/include/numpy/ndarrayobject.h:18,
                 from /usr/local/lib/python2.7/dist-packages/numpy/core/include/numpy/arrayobject.h:4,
                 from /tmp/tmpWWkYKS/src.linux-x86_64-2.7/fortranobject.h:13,
                 from /tmp/tmpWWkYKS/src.linux-x86_64-2.7/ramsesmodule.c:19:
/usr/local/lib/python2.7/dist-packages/numpy/core/include/numpy/npy_1_7_deprecated_api.h:15:2: warning: #warning "Using deprecated NumPy API, disable it by " "#defining NPY_NO_DEPRECATED_API NPY_1_7_API_VERSION" [-Wcpp]
 #warning "Using deprecated NumPy API, disable it by " \
  ^
/tmp/tmpWWkYKS/src.linux-x86_64-2.7/ramsesmodule.c: In function ‘f2py_rout_ramses_data_rt_cooling’:
/tmp/tmpWWkYKS/src.linux-x86_64-2.7/ramsesmodule.c:452:15: error: ‘ndim’ undeclared (first use in this function)
   fp_Dims[0]=(ndim),fp_Dims[1]=(ngroups),fp_Dims[2]=(nvector);
               ^
/tmp/tmpWWkYKS/src.linux-x86_64-2.7/ramsesmodule.c:452:15: note: each undeclared identifier is reported only once for each function it appears in
/tmp/tmpWWkYKS/src.linux-x86_64-2.7/ramsesmodule.c:452:33: error: ‘ngroups’ undeclared (first use in this function)
   fp_Dims[0]=(ndim),fp_Dims[1]=(ngroups),fp_Dims[2]=(nvector);
                                 ^
/tmp/tmpWWkYKS/src.linux-x86_64-2.7/ramsesmodule.c:452:20: warning: left-hand operand of comma expression has no effect [-Wunused-value]
   fp_Dims[0]=(ndim),fp_Dims[1]=(ngroups),fp_Dims[2]=(nvector);
                    ^
/tmp/tmpWWkYKS/src.linux-x86_64-2.7/ramsesmodule.c:452:54: error: ‘nvector’ undeclared (first use in this function)
   fp_Dims[0]=(ndim),fp_Dims[1]=(ngroups),fp_Dims[2]=(nvector);
                                                      ^
/tmp/tmpWWkYKS/src.linux-x86_64-2.7/ramsesmodule.c:452:41: warning: left-hand operand of comma expression has no effect [-Wunused-value]
   fp_Dims[0]=(ndim),fp_Dims[1]=(ngroups),fp_Dims[2]=(nvector);
                                         ^
/tmp/tmpWWkYKS/src.linux-x86_64-2.7/ramsesmodule.c:472:26: warning: left-hand operand of comma expression has no effect [-Wunused-value]
   dnpdt_Dims[0]=(ngroups),dnpdt_Dims[1]=(nvector);
                          ^
/tmp/tmpWWkYKS/src.linux-x86_64-2.7/ramsesmodule.c:482:23: warning: left-hand operand of comma expression has no effect [-Wunused-value]
   p_gas_Dims[0]=(ndim),p_gas_Dims[1]=(nvector);
                       ^
/tmp/tmpWWkYKS/src.linux-x86_64-2.7/ramsesmodule.c:505:17: error: ‘nions’ undeclared (first use in this function)
   xion_Dims[0]=(nions),xion_Dims[1]=(nvector);
                 ^
/tmp/tmpWWkYKS/src.linux-x86_64-2.7/ramsesmodule.c:505:23: warning: left-hand operand of comma expression has no effect [-Wunused-value]
   xion_Dims[0]=(nions),xion_Dims[1]=(nvector);
                       ^
/tmp/tmpWWkYKS/src.linux-x86_64-2.7/ramsesmodule.c:538:23: warning: left-hand operand of comma expression has no effect [-Wunused-value]
   np_Dims[0]=(ngroups),np_Dims[1]=(nvector);
                       ^
/tmp/tmpWWkYKS/src.linux-x86_64-2.7/ramsesmodule.c:551:23: warning: left-hand operand of comma expression has no effect [-Wunused-value]
   dfpdt_Dims[0]=(ndim),dfpdt_Dims[1]=(ngroups),dfpdt_Dims[2]=(nvector);
                       ^
/tmp/tmpWWkYKS/src.linux-x86_64-2.7/ramsesmodule.c:551:47: warning: left-hand operand of comma expression has no effect [-Wunused-value]
   dfpdt_Dims[0]=(ndim),dfpdt_Dims[1]=(ngroups),dfpdt_Dims[2]=(nvector);
                                               ^
/tmp/tmpWWkYKS/src.linux-x86_64-2.7/ramsesmodule.c: In function ‘f2py_setup_data’:
/tmp/tmpWWkYKS/src.linux-x86_64-2.7/ramsesmodule.c:691:32: warning: assignment from incompatible pointer type [-Wincompatible-pointer-types]
   f2py_data_def[i_f2py++].func = ind_hydro;
                                ^
/tmp/tmpWWkYKS/src.linux-x86_64-2.7/ramsesmodule.c:692:32: warning: assignment from incompatible pointer type [-Wincompatible-pointer-types]
   f2py_data_def[i_f2py++].func = xg;
                                ^
/tmp/tmpWWkYKS/src.linux-x86_64-2.7/ramsesmodule.c:693:32: warning: assignment from incompatible pointer type [-Wincompatible-pointer-types]
   f2py_data_def[i_f2py++].func = vp;
                                ^
/tmp/tmpWWkYKS/src.linux-x86_64-2.7/ramsesmodule.c:694:32: warning: assignment from incompatible pointer type [-Wincompatible-pointer-types]
   f2py_data_def[i_f2py++].func = uold;
                                ^
/tmp/tmpWWkYKS/src.linux-x86_64-2.7/ramsesmodule.c:698:32: warning: assignment from incompatible pointer type [-Wincompatible-pointer-types]
   f2py_data_def[i_f2py++].func = xp;
                                ^
/tmp/tmpWWkYKS/src.linux-x86_64-2.7/ramsesmodule.c:700:32: warning: assignment from incompatible pointer type [-Wincompatible-pointer-types]
   f2py_data_def[i_f2py++].func = mp;
                                ^
/tmp/tmpWWkYKS/src.linux-x86_64-2.7/ramsesmodule.c:704:32: warning: assignment from incompatible pointer type [-Wincompatible-pointer-types]
   f2py_data_def[i_f2py++].func = ind_leaf;
                                ^
/tmp/tmpWWkYKS/src.linux-x86_64-2.7/ramsesmodule.c:705:32: warning: assignment from incompatible pointer type [-Wincompatible-pointer-types]
   f2py_data_def[i_f2py++].func = hydros;
                                ^
/tmp/tmpWWkYKS/src.linux-x86_64-2.7/ramsesmodule.c:708:32: warning: assignment from incompatible pointer type [-Wincompatible-pointer-types]
   f2py_data_def[i_f2py++].func = ind_cell;
                                ^
/tmp/tmpWWkYKS/src.linux-x86_64-2.7/ramsesmodule.c:712:32: warning: assignment from incompatible pointer type [-Wincompatible-pointer-types]
   f2py_data_def[i_f2py++].func = tp;
                                ^
/tmp/tmpWWkYKS/src.linux-x86_64-2.7/ramsesmodule.c: At top level:
/tmp/tmpWWkYKS/src.linux-x86_64-2.7/ramsesmodule.c:144:12: warning: ‘f2py_size’ defined but not used [-Wunused-function]
 static int f2py_size(PyArrayObject* var, ...)
            ^
In file included from /usr/local/lib/python2.7/dist-packages/numpy/core/include/numpy/ndarraytypes.h:1809:0,
                 from /usr/local/lib/python2.7/dist-packages/numpy/core/include/numpy/ndarrayobject.h:18,
                 from /usr/local/lib/python2.7/dist-packages/numpy/core/include/numpy/arrayobject.h:4,
                 from /tmp/tmpWWkYKS/src.linux-x86_64-2.7/fortranobject.h:13,
                 from /tmp/tmpWWkYKS/src.linux-x86_64-2.7/ramsesmodule.c:19:
/usr/local/lib/python2.7/dist-packages/numpy/core/include/numpy/npy_1_7_deprecated_api.h:15:2: warning: #warning "Using deprecated NumPy API, disable it by " "#defining NPY_NO_DEPRECATED_API NPY_1_7_API_VERSION" [-Wcpp]
 #warning "Using deprecated NumPy API, disable it by " \
  ^
/tmp/tmpWWkYKS/src.linux-x86_64-2.7/ramsesmodule.c: In function ‘f2py_rout_ramses_data_rt_cooling’:
/tmp/tmpWWkYKS/src.linux-x86_64-2.7/ramsesmodule.c:452:15: error: ‘ndim’ undeclared (first use in this function)
   fp_Dims[0]=(ndim),fp_Dims[1]=(ngroups),fp_Dims[2]=(nvector);
               ^
/tmp/tmpWWkYKS/src.linux-x86_64-2.7/ramsesmodule.c:452:15: note: each undeclared identifier is reported only once for each function it appears in
/tmp/tmpWWkYKS/src.linux-x86_64-2.7/ramsesmodule.c:452:33: error: ‘ngroups’ undeclared (first use in this function)
   fp_Dims[0]=(ndim),fp_Dims[1]=(ngroups),fp_Dims[2]=(nvector);
                                 ^
/tmp/tmpWWkYKS/src.linux-x86_64-2.7/ramsesmodule.c:452:20: warning: left-hand operand of comma expression has no effect [-Wunused-value]
   fp_Dims[0]=(ndim),fp_Dims[1]=(ngroups),fp_Dims[2]=(nvector);
                    ^
/tmp/tmpWWkYKS/src.linux-x86_64-2.7/ramsesmodule.c:452:54: error: ‘nvector’ undeclared (first use in this function)
   fp_Dims[0]=(ndim),fp_Dims[1]=(ngroups),fp_Dims[2]=(nvector);
                                                      ^
/tmp/tmpWWkYKS/src.linux-x86_64-2.7/ramsesmodule.c:452:41: warning: left-hand operand of comma expression has no effect [-Wunused-value]
   fp_Dims[0]=(ndim),fp_Dims[1]=(ngroups),fp_Dims[2]=(nvector);
                                         ^
/tmp/tmpWWkYKS/src.linux-x86_64-2.7/ramsesmodule.c:472:26: warning: left-hand operand of comma expression has no effect [-Wunused-value]
   dnpdt_Dims[0]=(ngroups),dnpdt_Dims[1]=(nvector);
                          ^
/tmp/tmpWWkYKS/src.linux-x86_64-2.7/ramsesmodule.c:482:23: warning: left-hand operand of comma expression has no effect [-Wunused-value]
   p_gas_Dims[0]=(ndim),p_gas_Dims[1]=(nvector);
                       ^
/tmp/tmpWWkYKS/src.linux-x86_64-2.7/ramsesmodule.c:505:17: error: ‘nions’ undeclared (first use in this function)
   xion_Dims[0]=(nions),xion_Dims[1]=(nvector);
                 ^
/tmp/tmpWWkYKS/src.linux-x86_64-2.7/ramsesmodule.c:505:23: warning: left-hand operand of comma expression has no effect [-Wunused-value]
   xion_Dims[0]=(nions),xion_Dims[1]=(nvector);
                       ^
/tmp/tmpWWkYKS/src.linux-x86_64-2.7/ramsesmodule.c:538:23: warning: left-hand operand of comma expression has no effect [-Wunused-value]
   np_Dims[0]=(ngroups),np_Dims[1]=(nvector);
                       ^
/tmp/tmpWWkYKS/src.linux-x86_64-2.7/ramsesmodule.c:551:23: warning: left-hand operand of comma expression has no effect [-Wunused-value]
   dfpdt_Dims[0]=(ndim),dfpdt_Dims[1]=(ngroups),dfpdt_Dims[2]=(nvector);
                       ^
/tmp/tmpWWkYKS/src.linux-x86_64-2.7/ramsesmodule.c:551:47: warning: left-hand operand of comma expression has no effect [-Wunused-value]
   dfpdt_Dims[0]=(ndim),dfpdt_Dims[1]=(ngroups),dfpdt_Dims[2]=(nvector);
                                               ^
/tmp/tmpWWkYKS/src.linux-x86_64-2.7/ramsesmodule.c: In function ‘f2py_setup_data’:
/tmp/tmpWWkYKS/src.linux-x86_64-2.7/ramsesmodule.c:691:32: warning: assignment from incompatible pointer type [-Wincompatible-pointer-types]
   f2py_data_def[i_f2py++].func = ind_hydro;
                                ^
/tmp/tmpWWkYKS/src.linux-x86_64-2.7/ramsesmodule.c:692:32: warning: assignment from incompatible pointer type [-Wincompatible-pointer-types]
   f2py_data_def[i_f2py++].func = xg;
                                ^
/tmp/tmpWWkYKS/src.linux-x86_64-2.7/ramsesmodule.c:693:32: warning: assignment from incompatible pointer type [-Wincompatible-pointer-types]
   f2py_data_def[i_f2py++].func = vp;
                                ^
/tmp/tmpWWkYKS/src.linux-x86_64-2.7/ramsesmodule.c:694:32: warning: assignment from incompatible pointer type [-Wincompatible-pointer-types]
   f2py_data_def[i_f2py++].func = uold;
                                ^
/tmp/tmpWWkYKS/src.linux-x86_64-2.7/ramsesmodule.c:698:32: warning: assignment from incompatible pointer type [-Wincompatible-pointer-types]
   f2py_data_def[i_f2py++].func = xp;
                                ^
/tmp/tmpWWkYKS/src.linux-x86_64-2.7/ramsesmodule.c:700:32: warning: assignment from incompatible pointer type [-Wincompatible-pointer-types]
   f2py_data_def[i_f2py++].func = mp;
                                ^
/tmp/tmpWWkYKS/src.linux-x86_64-2.7/ramsesmodule.c:704:32: warning: assignment from incompatible pointer type [-Wincompatible-pointer-types]
   f2py_data_def[i_f2py++].func = ind_leaf;
                                ^
/tmp/tmpWWkYKS/src.linux-x86_64-2.7/ramsesmodule.c:705:32: warning: assignment from incompatible pointer type [-Wincompatible-pointer-types]
   f2py_data_def[i_f2py++].func = hydros;
                                ^
/tmp/tmpWWkYKS/src.linux-x86_64-2.7/ramsesmodule.c:708:32: warning: assignment from incompatible pointer type [-Wincompatible-pointer-types]
   f2py_data_def[i_f2py++].func = ind_cell;
                                ^
/tmp/tmpWWkYKS/src.linux-x86_64-2.7/ramsesmodule.c:712:32: warning: assignment from incompatible pointer type [-Wincompatible-pointer-types]
   f2py_data_def[i_f2py++].func = tp;
                                ^
/tmp/tmpWWkYKS/src.linux-x86_64-2.7/ramsesmodule.c: At top level:
/tmp/tmpWWkYKS/src.linux-x86_64-2.7/ramsesmodule.c:144:12: warning: ‘f2py_size’ defined but not used [-Wunused-function]
 static int f2py_size(PyArrayObject* var, ...)
            ^
Makefile:251: recipe for target 'ramses' failed
make[1]: Leaving directory '/mnt/c/Users/samge/OneDrive/Programming/Astro/mcrtscripts/Cooling/f2py'
Makefile:248: recipe for target 'all' failed
